<?xml version="1.0" encoding="UTF-8" ?>
<testsuite failures="0" time="3.739" errors="0" skipped="0" tests="8" name="com.sears.ge.cucumber.RunCukesTest">
  <properties>
[...]
</properties>
  <testcase time="0.001" classname="Scenario: Car can drive" name="Given I have a car"/>
  <testcase time="0" classname="Scenario: Car can drive" name="When I add 4 wheels"/>
  <testcase time="0" classname="Scenario: Car can drive" name="Then It can drive"/>
  <testcase time="0" classname="Scenario: Car can drive" name="Scenario: Car can drive"/>
  <testcase time="0" classname="Scenario: GET google.com" name="Given I have a restful client"/>
  <testcase time="0" classname="Scenario: GET google.com" name="When I connect google.com"/>
  <testcase time="0" classname="Scenario: GET google.com" name="Then return 200OK"/>
  <testcase time="0" classname="Scenario: GET google.com" name="Scenario: GET google.com"/>
</testsuite>